<?xml version="1.0" encoding="utf-8"?><testsuites name="pytest tests"><testsuite name="pytest" errors="0" failures="0" skipped="0" tests="23" time="5.044" timestamp="2026-07-06T13:39:01.428822+00:00" hostname="agent-env-f4688fc6-47ca-43b5-9d53-b466bfe2bdc7"><testcase classname="backend.tests.backend_test.TestAuth" name="test_register_new_user" time="0.360" /><testcase classname="backend.tests.backend_test.TestAuth" name="test_register_duplicate_email_400" time="0.156" /><testcase classname="backend.tests.backend_test.TestAuth" name="test_login_demo_returns_token" time="0.325" /><testcase classname="backend.tests.backend_test.TestAuth" name="test_login_wrong_password_401" time="0.317" /><testcase classname="backend.tests.backend_test.TestAuth" name="test_me_with_valid_token" time="0.101" /><testcase classname="backend.tests.backend_test.TestAuth" name="test_me_without_token_401" time="0.107" /><testcase classname="backend.tests.backend_test.TestAuth" name="test_me_with_invalid_token_401" time="0.104" /><testcase classname="backend.tests.backend_test.TestUsers" name="test_update_me_and_verify_persistence" time="0.221" /><testcase classname="backend.tests.backend_test.TestUsers" name="test_update_me_name" time="0.110" /><testcase classname="backend.tests.backend_test.TestGroups" name="test_list_groups_returns_8_seeded" time="0.122" /><testcase classname="backend.tests.backend_test.TestGroups" name="test_list_groups_sorted_by_distance_default" time="0.102" /><testcase classname="backend.tests.backend_test.TestGroups" name="test_filter_by_level_intermediate" time="0.106" /><testcase classname="backend.tests.backend_test.TestGroups" name="test_search_by_paris" time="0.116" /><testcase classname="backend.tests.backend_test.TestGroups" name="test_group_detail" time="0.227" /><testcase classname="backend.tests.backend_test.TestGroups" name="test_group_members" time="0.213" /><testcase classname="backend.tests.backend_test.TestGroups" name="test_my_groups" time="0.114" /><testcase classname="backend.tests.backend_test.TestGroups" name="test_create_group_and_verify" time="0.233" /><testcase classname="backend.tests.backend_test.TestGroups" name="test_join_group_and_verify_membership" time="0.696" /><testcase classname="backend.tests.backend_test.TestMessages" name="test_get_messages_seeded" time="0.215" /><testcase classname="backend.tests.backend_test.TestMessages" name="test_send_message" time="0.335" /><testcase classname="backend.tests.backend_test.TestMessages" name="test_non_member_cannot_get_messages_403" time="0.217" /><testcase classname="backend.tests.backend_test.TestMessages" name="test_non_member_cannot_post_messages_403" time="0.212" /><testcase classname="backend.tests.backend_test.TestMatches" name="test_list_matches" time="0.236" /></testsuite></testsuites>