<?xml version="1.0" encoding="utf-8"?><testsuites name="pytest tests"><testsuite name="pytest" errors="0" failures="1" skipped="0" tests="20" time="7.289" timestamp="2026-07-06T14:04:42.651012+00:00" hostname="agent-env-f4688fc6-47ca-43b5-9d53-b466bfe2bdc7"><testcase classname="backend.tests.test_v2_features.TestJoinRequests" name="test_join_creates_pending_request" time="1.274" /><testcase classname="backend.tests.test_v2_features.TestJoinRequests" name="test_join_status_pending_for_applicant" time="0.127" /><testcase classname="backend.tests.test_v2_features.TestJoinRequests" name="test_duplicate_join_request_400" time="0.144" /><testcase classname="backend.tests.test_v2_features.TestJoinRequests" name="test_admin_lists_pending_requests" time="0.146" /><testcase classname="backend.tests.test_v2_features.TestJoinRequests" name="test_non_admin_list_requests_403" time="0.150" /><testcase classname="backend.tests.test_v2_features.TestJoinRequests" name="test_cancel_request" time="0.689" /><testcase classname="backend.tests.test_v2_features.TestJoinRequests" name="test_reject_request" time="0.782" /><testcase classname="backend.tests.test_v2_features.TestJoinRequests" name="test_approve_request_makes_member" time="0.424" /><testcase classname="backend.tests.test_v2_features.TestJoinRequests" name="test_already_member_join_400" time="0.101" /><testcase classname="backend.tests.test_v2_features.TestMatchesV2" name="test_get_match_returns_v2_fields" time="0.867" /><testcase classname="backend.tests.test_v2_features.TestMatchesV2" name="test_rsvp_going" time="0.204" /><testcase classname="backend.tests.test_v2_features.TestMatchesV2" name="test_rsvp_maybe_removes_from_players" time="0.801" /><testcase classname="backend.tests.test_v2_features.TestMatchesV2" name="test_rsvp_invalid_status_400" time="0.122" /><testcase classname="backend.tests.test_v2_features.TestMatchesV2" name="test_admin_assigns_team" time="0.333" /><testcase classname="backend.tests.test_v2_features.TestMatchesV2" name="test_team_reassign_removes_from_prev" time="0.197" /><testcase classname="backend.tests.test_v2_features.TestMatchesV2" name="test_team_none_removes_all" time="0.218" /><testcase classname="backend.tests.test_v2_features.TestMatchesV2" name="test_non_admin_team_403" time="0.097" /><testcase classname="backend.tests.test_v2_features.TestGoogleAuth" name="test_google_invalid_session_401_or_502" time="0.261" /><testcase classname="backend.tests.test_v2_features.TestPush" name="test_register_push_no_500" time="0.131"><failure message="AssertionError: push endpoint 500'd — should graceful degrade. body={&quot;detail&quot;:&quot;EMERGENT_PUSH_KEY missing or invalid&quot;}&#10;assert 500 != 500&#10; +  where 500 = &lt;Response [500]&gt;.status_code">backend/tests/test_v2_features.py:300: in test_register_push_no_500
    assert r.status_code != 500, f"push endpoint 500'd — should graceful degrade. body={r.text}"
E   AssertionError: push endpoint 500'd — should graceful degrade. body={"detail":"EMERGENT_PUSH_KEY missing or invalid"}
E   assert 500 != 500
E    +  where 500 = &lt;Response [500]&gt;.status_code</failure></testcase><testcase classname="backend.tests.test_v2_features.TestPush" name="test_register_push_unauth_401" time="0.100" /></testsuite></testsuites>