<?xml version="1.0" encoding="utf-8"?><testsuites name="pytest tests"><testsuite name="pytest" errors="0" failures="0" skipped="0" tests="15" time="5.615" timestamp="2026-07-06T14:28:29.651077+00:00" hostname="agent-env-f4688fc6-47ca-43b5-9d53-b466bfe2bdc7"><testcase classname="backend.tests.test_v3_features.TestAdvancedFilters" name="test_groups_include_v3_fields" time="0.549" /><testcase classname="backend.tests.test_v3_features.TestAdvancedFilters" name="test_filter_day_sunday" time="0.107" /><testcase classname="backend.tests.test_v3_features.TestAdvancedFilters" name="test_filter_position_gk" time="0.113" /><testcase classname="backend.tests.test_v3_features.TestAdvancedFilters" name="test_filter_radius_5km" time="0.105" /><testcase classname="backend.tests.test_v3_features.TestGroupPatch" name="test_admin_patch_group" time="0.214" /><testcase classname="backend.tests.test_v3_features.TestGroupPatch" name="test_non_admin_patch_403" time="1.354" /><testcase classname="backend.tests.test_v3_features.TestReports" name="test_report_group" time="0.233" /><testcase classname="backend.tests.test_v3_features.TestReports" name="test_report_user" time="0.104" /><testcase classname="backend.tests.test_v3_features.TestReports" name="test_report_invalid_reason_400" time="0.099" /><testcase classname="backend.tests.test_v3_features.TestReports" name="test_report_invalid_type_400" time="0.099" /><testcase classname="backend.tests.test_v3_features.TestReports" name="test_report_self_400" time="0.105" /><testcase classname="backend.tests.test_v3_features.TestBlocks" name="test_block_group_hides_from_feed" time="1.166" /><testcase classname="backend.tests.test_v3_features.TestBlocks" name="test_block_user" time="0.320" /><testcase classname="backend.tests.test_v3_features.TestBlocks" name="test_block_self_400" time="0.106" /><testcase classname="backend.tests.test_v3_features.TestBlocks" name="test_messages_filter_blocked_user" time="0.848" /></testsuite></testsuites>