<?xml version="1.0" encoding="utf-8"?><testsuites name="pytest tests"><testsuite name="pytest" errors="0" failures="1" skipped="1" tests="10" time="3.282" timestamp="2026-07-06T16:51:09.830203+00:00" hostname="agent-env-f4688fc6-47ca-43b5-9d53-b466bfe2bdc7"><testcase classname="backend.tests.test_v4_features.TestAuth" name="test_login_demo" time="0.233" /><testcase classname="backend.tests.test_v4_features.TestFriends" name="test_full_friends_flow" time="0.550" /><testcase classname="backend.tests.test_v4_features.TestPolls" name="test_poll_create_vote_idempotent" time="0.024" /><testcase classname="backend.tests.test_v4_features.TestMatchRatings" name="test_rating_flow" time="0.022"><failure message="AssertionError: SPEC deviation: self-rating expected 400, got 201&#10;assert 201 == 400&#10; +  where 201 = &lt;Response [201]&gt;.status_code">backend/tests/test_v4_features.py:267: in test_rating_flow
    assert r.status_code == 400, (
E   AssertionError: SPEC deviation: self-rating expected 400, got 201
E   assert 201 == 400
E    +  where 201 = &lt;Response [201]&gt;.status_code</failure></testcase><testcase classname="backend.tests.test_v4_features.TestLeaveGroup" name="test_leave_as_member" time="0.253" /><testcase classname="backend.tests.test_v4_features.TestLeaveGroup" name="test_leave_as_admin_behavior" time="0.010"><skipped type="pytest.skip" message="Skipping destructive admin-leave test to preserve seed data. Current server does NOT block admin leave nor transfer admin — issue for main agent.">/app/backend/tests/test_v4_features.py:340: Skipping destructive admin-leave test to preserve seed data. Current server does NOT block admin leave nor transfer admin — issue for main agent.</skipped></testcase><testcase classname="backend.tests.test_v4_features.TestOTP" name="test_otp_request_and_verify" time="0.018" /><testcase classname="backend.tests.test_v4_features.TestOTP" name="test_otp_invalid_target" time="0.002" /><testcase classname="backend.tests.test_v4_features.TestChangePassword" name="test_change_and_revert" time="1.564" /><testcase classname="backend.tests.test_v4_features.TestChangePassword" name="test_change_wrong_current" time="0.449" /></testsuite></testsuites>